<?xml version="1.0" encoding="UTF-8"?>
<coverage generated="1633367043707" clover="3.2.0">
  <project timestamp="1633367043707" name="All files">
    <metrics statements="24" coveredstatements="18" conditionals="4" coveredconditionals="1" methods="16" coveredmethods="11" elements="44" coveredelements="30" complexity="0" loc="24" ncloc="24" packages="1" files="1" classes="1"/>
    <file name="Store.ts" path="/home/pavel/Desktop/test/SvelteUtils/Store.ts">
      <metrics statements="24" coveredstatements="18" conditionals="4" coveredconditionals="1" methods="16" coveredmethods="11"/>
      <line num="1" count="1" type="stmt"/>
      <line num="3" count="1" type="stmt"/>
      <line num="5" count="4" type="stmt"/>
      <line num="7" count="4" type="cond" truecount="1" falsecount="1"/>
      <line num="10" count="5" type="stmt"/>
      <line num="13" count="7" type="stmt"/>
      <line num="16" count="6" type="stmt"/>
      <line num="19" count="1" type="stmt"/>
      <line num="20" count="1" type="stmt"/>
      <line num="23" count="0" type="stmt"/>
      <line num="26" count="7" type="stmt"/>
      <line num="30" count="4" type="stmt"/>
      <line num="32" count="1" type="stmt"/>
      <line num="33" count="20" type="stmt"/>
      <line num="34" count="20" type="stmt"/>
      <line num="35" count="0" type="stmt"/>
      <line num="37" count="20" type="stmt"/>
      <line num="38" count="20" type="stmt"/>
      <line num="39" count="20" type="stmt"/>
      <line num="43" count="1" type="stmt"/>
      <line num="45" count="0" type="stmt"/>
      <line num="46" count="0" type="stmt"/>
      <line num="47" count="0" type="cond" truecount="0" falsecount="2"/>
      <line num="50" count="0" type="stmt"/>
    </file>
  </project>
</coverage>
