{"/home/pavel/Desktop/test/SvelteUtils/Store.ts": {"path":"/home/pavel/Desktop/test/SvelteUtils/Store.ts","statementMap":{"0":{"start":{"line":1,"column":0},"end":{"line":1,"column":60}},"1":{"start":{"line":5,"column":9},"end":{"line":5,"column":54}},"2":{"start":{"line":7,"column":2},"end":{"line":7,"column":34}},"3":{"start":{"line":10,"column":2},"end":{"line":10,"column":18}},"4":{"start":{"line":13,"column":2},"end":{"line":13,"column":21}},"5":{"start":{"line":16,"column":2},"end":{"line":16,"column":49}},"6":{"start":{"line":19,"column":2},"end":{"line":19,"column":23}},"7":{"start":{"line":20,"column":2},"end":{"line":20,"column":24}},"8":{"start":{"line":23,"column":2},"end":{"line":23,"column":40}},"9":{"start":{"line":26,"column":2},"end":{"line":26,"column":48}},"10":{"start":{"line":3,"column":0},"end":{"line":3,"column":13}},"11":{"start":{"line":30,"column":13},"end":{"line":30,"column":57}},"12":{"start":{"line":30,"column":39},"end":{"line":30,"column":56}},"13":{"start":{"line":32,"column":13},"end":{"line":41,"column":2}},"14":{"start":{"line":33,"column":1},"end":{"line":40,"column":4}},"15":{"start":{"line":34,"column":14},"end":{"line":36,"column":3}},"16":{"start":{"line":35,"column":3},"end":{"line":35,"column":38}},"17":{"start":{"line":37,"column":15},"end":{"line":37,"column":85}},"18":{"start":{"line":37,"column":42},"end":{"line":37,"column":83}},"19":{"start":{"line":37,"column":73},"end":{"line":37,"column":82}},"20":{"start":{"line":38,"column":2},"end":{"line":38,"column":10}},"21":{"start":{"line":39,"column":2},"end":{"line":39,"column":11}},"22":{"start":{"line":43,"column":13},"end":{"line":51,"column":2}},"23":{"start":{"line":45,"column":1},"end":{"line":49,"column":4}},"24":{"start":{"line":46,"column":2},"end":{"line":48,"column":5}},"25":{"start":{"line":47,"column":3},"end":{"line":47,"column":30}},"26":{"start":{"line":47,"column":20},"end":{"line":47,"column":30}},"27":{"start":{"line":50,"column":1},"end":{"line":50,"column":9}}},"fnMap":{"0":{"name":"(anonymous_0)","decl":{"start":{"line":6,"column":1},"end":{"line":6,"column":13}},"loc":{"start":{"line":6,"column":22},"end":{"line":8,"column":2}}},"1":{"name":"(anonymous_1)","decl":{"start":{"line":9,"column":1},"end":{"line":9,"column":5}},"loc":{"start":{"line":9,"column":16},"end":{"line":11,"column":2}}},"2":{"name":"(anonymous_2)","decl":{"start":{"line":12,"column":1},"end":{"line":12,"column":5}},"loc":{"start":{"line":12,"column":10},"end":{"line":14,"column":2}}},"3":{"name":"(anonymous_3)","decl":{"start":{"line":15,"column":1},"end":{"line":15,"column":5}},"loc":{"start":{"line":15,"column":14},"end":{"line":17,"column":2}}},"4":{"name":"(anonymous_4)","decl":{"start":{"line":18,"column":1},"end":{"line":18,"column":7}},"loc":{"start":{"line":18,"column":31},"end":{"line":21,"column":2}}},"5":{"name":"(anonymous_5)","decl":{"start":{"line":22,"column":1},"end":{"line":22,"column":7}},"loc":{"start":{"line":22,"column":32},"end":{"line":24,"column":2}}},"6":{"name":"(anonymous_6)","decl":{"start":{"line":25,"column":1},"end":{"line":25,"column":4}},"loc":{"start":{"line":25,"column":13},"end":{"line":27,"column":2}}},"7":{"name":"(anonymous_7)","decl":{"start":{"line":30,"column":21},"end":{"line":30,"column":25}},"loc":{"start":{"line":30,"column":39},"end":{"line":30,"column":56}}},"8":{"name":"(anonymous_8)","decl":{"start":{"line":32,"column":24},"end":{"line":32,"column":29}},"loc":{"start":{"line":32,"column":68},"end":{"line":41,"column":1}}},"9":{"name":"(anonymous_9)","decl":{"start":{"line":33,"column":20},"end":{"line":33,"column":25}},"loc":{"start":{"line":33,"column":32},"end":{"line":40,"column":2}}},"10":{"name":"(anonymous_10)","decl":{"start":{"line":34,"column":14},"end":{"line":34,"column":23}},"loc":{"start":{"line":34,"column":25},"end":{"line":36,"column":3}}},"11":{"name":"(anonymous_11)","decl":{"start":{"line":37,"column":33},"end":{"line":37,"column":37}},"loc":{"start":{"line":37,"column":42},"end":{"line":37,"column":83}}},"12":{"name":"(anonymous_12)","decl":{"start":{"line":37,"column":66},"end":{"line":37,"column":69}},"loc":{"start":{"line":37,"column":73},"end":{"line":37,"column":82}}},"13":{"name":"(anonymous_13)","decl":{"start":{"line":43,"column":21},"end":{"line":43,"column":26}},"loc":{"start":{"line":43,"column":86},"end":{"line":51,"column":1}}},"14":{"name":"(anonymous_14)","decl":{"start":{"line":45,"column":19},"end":{"line":45,"column":22}},"loc":{"start":{"line":45,"column":25},"end":{"line":49,"column":2}}},"15":{"name":"(anonymous_15)","decl":{"start":{"line":46,"column":26},"end":{"line":46,"column":27}},"loc":{"start":{"line":46,"column":30},"end":{"line":48,"column":3}}}},"branchMap":{"0":{"loc":{"start":{"line":7,"column":15},"end":{"line":7,"column":20}},"type":"binary-expr","locations":[{"start":{"line":7,"column":15},"end":{"line":7,"column":20}},{"start":{"line":7,"column":24},"end":{"line":7,"column":33}}]},"1":{"loc":{"start":{"line":47,"column":3},"end":{"line":47,"column":30}},"type":"if","locations":[{"start":{"line":47,"column":3},"end":{"line":47,"column":30}},{"start":{"line":47,"column":3},"end":{"line":47,"column":30}}]}},"s":{"0":1,"1":4,"2":4,"3":5,"4":7,"5":6,"6":1,"7":1,"8":0,"9":7,"10":1,"11":1,"12":4,"13":1,"14":20,"15":20,"16":0,"17":20,"18":20,"19":20,"20":20,"21":20,"22":1,"23":0,"24":0,"25":0,"26":0,"27":0},"f":{"0":4,"1":5,"2":7,"3":6,"4":1,"5":0,"6":7,"7":4,"8":20,"9":20,"10":0,"11":20,"12":20,"13":0,"14":0,"15":0},"b":{"0":[4,0],"1":[0,0]}}
}
