TN:
SF:Store.ts
FN:6,(anonymous_0)
FN:9,(anonymous_1)
FN:12,(anonymous_2)
FN:15,(anonymous_3)
FN:18,(anonymous_4)
FN:22,(anonymous_5)
FN:25,(anonymous_6)
FN:30,(anonymous_7)
FN:32,(anonymous_8)
FN:33,(anonymous_9)
FN:34,(anonymous_10)
FN:37,(anonymous_11)
FN:37,(anonymous_12)
FN:43,(anonymous_13)
FN:45,(anonymous_14)
FN:46,(anonymous_15)
FNF:16
FNH:11
FNDA:4,(anonymous_0)
FNDA:5,(anonymous_1)
FNDA:7,(anonymous_2)
FNDA:6,(anonymous_3)
FNDA:1,(anonymous_4)
FNDA:0,(anonymous_5)
FNDA:7,(anonymous_6)
FNDA:4,(anonymous_7)
FNDA:20,(anonymous_8)
FNDA:20,(anonymous_9)
FNDA:0,(anonymous_10)
FNDA:20,(anonymous_11)
FNDA:20,(anonymous_12)
FNDA:0,(anonymous_13)
FNDA:0,(anonymous_14)
FNDA:0,(anonymous_15)
DA:1,1
DA:3,1
DA:5,4
DA:7,4
DA:10,5
DA:13,7
DA:16,6
DA:19,1
DA:20,1
DA:23,0
DA:26,7
DA:30,4
DA:32,1
DA:33,20
DA:34,20
DA:35,0
DA:37,20
DA:38,20
DA:39,20
DA:43,1
DA:45,0
DA:46,0
DA:47,0
DA:50,0
LF:24
LH:18
BRDA:7,0,0,4
BRDA:7,0,1,0
BRDA:47,1,0,0
BRDA:47,1,1,0
BRF:4
BRH:1
end_of_record
